  Lecture05-HW.cpp
C:\Users\one\Desktop\Programming pattern\Lecture05-HW\packages\glfw.3.4.0\build\native\include\GLFW\glfw3.h(3235,1): warning C4819: 현재 코드 페이지(949)에서 표시할 수 없는 문자가 파일에 들어 있습니다. 데이터가 손실되지 않게 하려면 해당 파일을 유니코드 형식으로 저장하십시오.
  (소스 파일 'Lecture05-HW.cpp'을(를) 컴파일하는 중)
  
C:\Users\one\Desktop\Programming pattern\Lecture05-HW\Lecture05-HW.cpp(40,22): warning C4244: '초기화 중': 'double'에서 'float'(으)로 변환하면서 데이터가 손실될 수 있습니다.
C:\Users\one\Desktop\Programming pattern\Lecture05-HW\Lecture05-HW.cpp(41,22): warning C4244: '초기화 중': 'double'에서 'float'(으)로 변환하면서 데이터가 손실될 수 있습니다.
C:\Users\one\Desktop\Programming pattern\Lecture05-HW\Lecture05-HW.cpp(80,22): warning C4305: '인수': 'double'에서 'GLfloat'(으)로 잘립니다.
C:\Users\one\Desktop\Programming pattern\Lecture05-HW\Lecture05-HW.cpp(81,22): warning C4305: '인수': 'double'에서 'GLfloat'(으)로 잘립니다.
C:\Users\one\Desktop\Programming pattern\Lecture05-HW\Lecture05-HW.cpp(81,16): warning C4305: '인수': 'double'에서 'GLfloat'(으)로 잘립니다.
C:\Users\one\Desktop\Programming pattern\Lecture05-HW\Lecture05-HW.cpp(82,21): warning C4305: '인수': 'double'에서 'GLfloat'(으)로 잘립니다.
C:\Users\one\Desktop\Programming pattern\Lecture05-HW\Lecture05-HW.cpp(82,16): warning C4305: '인수': 'double'에서 'GLfloat'(으)로 잘립니다.
C:\Users\one\Desktop\Programming pattern\Lecture05-HW\Lecture05-HW.cpp(83,21): warning C4305: '인수': 'double'에서 'GLfloat'(으)로 잘립니다.
C:\Users\one\Desktop\Programming pattern\Lecture05-HW\Lecture05-HW.cpp(83,16): warning C4305: '인수': 'double'에서 'GLfloat'(으)로 잘립니다.
C:\Users\one\Desktop\Programming pattern\Lecture05-HW\Lecture05-HW.cpp(84,22): warning C4305: '인수': 'double'에서 'GLfloat'(으)로 잘립니다.
C:\Users\one\Desktop\Programming pattern\Lecture05-HW\Lecture05-HW.cpp(85,22): warning C4305: '인수': 'double'에서 'GLfloat'(으)로 잘립니다.
C:\Users\one\Desktop\Programming pattern\Lecture05-HW\Lecture05-HW.cpp(85,17): warning C4305: '인수': 'double'에서 'GLfloat'(으)로 잘립니다.
C:\Users\one\Desktop\Programming pattern\Lecture05-HW\Lecture05-HW.cpp(86,22): warning C4305: '인수': 'double'에서 'GLfloat'(으)로 잘립니다.
C:\Users\one\Desktop\Programming pattern\Lecture05-HW\Lecture05-HW.cpp(86,17): warning C4305: '인수': 'double'에서 'GLfloat'(으)로 잘립니다.
C:\Users\one\Desktop\Programming pattern\Lecture05-HW\Lecture05-HW.cpp(87,23): warning C4305: '인수': 'double'에서 'GLfloat'(으)로 잘립니다.
C:\Users\one\Desktop\Programming pattern\Lecture05-HW\Lecture05-HW.cpp(87,17): warning C4305: '인수': 'double'에서 'GLfloat'(으)로 잘립니다.
C:\Users\one\Desktop\Programming pattern\Lecture05-HW\Lecture05-HW.cpp(88,23): warning C4305: '인수': 'double'에서 'GLfloat'(으)로 잘립니다.
  Lecture05-HW.vcxproj -> C:\Users\one\Desktop\Programming pattern\Lecture05-HW\x64\Debug\Lecture05-HW.exe
